Using pre-set license
Built from '2021.3/staging' branch; Version is '2021.3.15f1 (e8e88683f834) revision 15263878'; Using compiler version '192829333'; Build Type 'Release'
OS: 'Windows 10  (10.0.19044) 64bit Professional' Language: 'ko' Physical Memory: 32681 MB
BatchMode: 1, IsHumanControllingUs: 0, StartBugReporterOnCrash: 0, Is64bit: 1, IsPro: 1

COMMAND LINE ARGUMENTS:
C:\Program Files\Unity\Hub\Editor\2021.3.15f1\Editor\Unity.exe
-adb2
-batchMode
-noUpm
-name
AssetImportWorker1
-projectPath
C:/Users/park/RiderProjects/2023TutorialProject
-logFile
Logs/AssetImportWorker1.log
-srvPort
53768
Successfully changed project path to: C:/Users/park/RiderProjects/2023TutorialProject
C:/Users/park/RiderProjects/2023TutorialProject
[UnityMemory] Configuration Parameters - Can be set up in boot.config
    "memorysetup-bucket-allocator-granularity=16"
    "memorysetup-bucket-allocator-bucket-count=8"
    "memorysetup-bucket-allocator-block-size=33554432"
    "memorysetup-bucket-allocator-block-count=8"
    "memorysetup-main-allocator-block-size=16777216"
    "memorysetup-thread-allocator-block-size=16777216"
    "memorysetup-gfx-main-allocator-block-size=16777216"
    "memorysetup-gfx-thread-allocator-block-size=16777216"
    "memorysetup-cache-allocator-block-size=4194304"
    "memorysetup-typetree-allocator-block-size=2097152"
    "memorysetup-profiler-bucket-allocator-granularity=16"
    "memorysetup-profiler-bucket-allocator-bucket-count=8"
    "memorysetup-profiler-bucket-allocator-block-size=33554432"
    "memorysetup-profiler-bucket-allocator-block-count=8"
    "memorysetup-profiler-allocator-block-size=16777216"
    "memorysetup-profiler-editor-allocator-block-size=1048576"
    "memorysetup-temp-allocator-size-main=16777216"
    "memorysetup-job-temp-allocator-block-size=2097152"
    "memorysetup-job-temp-allocator-block-size-background=1048576"
    "memorysetup-job-temp-allocator-reduction-small-platforms=262144"
    "memorysetup-temp-allocator-size-background-worker=32768"
    "memorysetup-temp-allocator-size-job-worker=262144"
    "memorysetup-temp-allocator-size-preload-manager=33554432"
    "memorysetup-temp-allocator-size-nav-mesh-worker=65536"
    "memorysetup-temp-allocator-size-audio-worker=65536"
    "memorysetup-temp-allocator-size-cloud-worker=32768"
    "memorysetup-temp-allocator-size-gi-baking-worker=262144"
    "memorysetup-temp-allocator-size-gfx=262144"
Player connection [34524] Host "[IP] 192.168.0.2 [Port] 0 [Flags] 2 [Guid] 1093515434 [EditorId] 1093515434 [Version] 1048832 [Id] WindowsEditor(7,Box5789) [Debug] 1 [PackageName] WindowsEditor [ProjectName] Editor" joined multi-casting on [225.0.0.222:54997]...

Player connection [34524] Host "[IP] 192.168.0.2 [Port] 0 [Flags] 2 [Guid] 1093515434 [EditorId] 1093515434 [Version] 1048832 [Id] WindowsEditor(7,Box5789) [Debug] 1 [PackageName] WindowsEditor [ProjectName] Editor" joined alternative multi-casting on [225.0.0.222:34997]...

Refreshing native plugins compatible for Editor in 84.55 ms, found 3 plugins.
Preloading 0 native plugins for Editor in 0.00 ms.
Initialize engine version: 2021.3.15f1 (e8e88683f834)
[Subsystems] Discovering subsystems at path C:/Program Files/Unity/Hub/Editor/2021.3.15f1/Editor/Data/Resources/UnitySubsystems
[Subsystems] Discovering subsystems at path C:/Users/park/RiderProjects/2023TutorialProject/Assets
GfxDevice: creating device client; threaded=0; jobified=0
Direct3D:
    Version:  Direct3D 11.0 [level 11.1]
    Renderer: NVIDIA GeForce GTX 1080 (ID=0x1b80)
    Vendor:   NVIDIA
    VRAM:     8079 MB
    Driver:   31.0.15.1694
Initialize mono
Mono path[0] = 'C:/Program Files/Unity/Hub/Editor/2021.3.15f1/Editor/Data/Managed'
Mono path[1] = 'C:/Program Files/Unity/Hub/Editor/2021.3.15f1/Editor/Data/MonoBleedingEdge/lib/mono/unityjit-win32'
Mono config path = 'C:/Program Files/Unity/Hub/Editor/2021.3.15f1/Editor/Data/MonoBleedingEdge/etc'
Using monoOptions --debugger-agent=transport=dt_socket,embedding=1,server=y,suspend=n,address=127.0.0.1:56872
Begin MonoManager ReloadAssembly
Registering precompiled unity dll's ...
Register platform support module: C:/Program Files/Unity/Hub/Editor/2021.3.15f1/Editor/Data/PlaybackEngines/AndroidPlayer/UnityEditor.Android.Extensions.dll
Register platform support module: C:/Program Files/Unity/Hub/Editor/2021.3.15f1/Editor/Data/PlaybackEngines/WindowsStandaloneSupport/UnityEditor.WindowsStandalone.Extensions.dll
Registered in 0.008111 seconds.
Native extension for WindowsStandalone target not found
Native extension for Android target not found
Refreshing native plugins compatible for Editor in 96.09 ms, found 3 plugins.
Preloading 0 native plugins for Editor in 0.00 ms.
Mono: successfully reloaded assembly
- Completed reload, in  0.542 seconds
Domain Reload Profiling:
	ReloadAssembly (542ms)
		BeginReloadAssembly (65ms)
			ExecutionOrderSort (0ms)
			DisableScriptedObjects (0ms)
			BackupInstance (0ms)
			ReleaseScriptingObjects (0ms)
			CreateAndSetChildDomain (1ms)
		EndReloadAssembly (393ms)
			LoadAssemblies (62ms)
			RebuildTransferFunctionScriptingTraits (0ms)
			SetupTypeCache (74ms)
			ReleaseScriptCaches (0ms)
			RebuildScriptCaches (19ms)
			SetupLoadedEditorAssemblies (262ms)
				LogAssemblyErrors (0ms)
				InitializePlatformSupportModulesInManaged (41ms)
				SetLoadedEditorAssemblies (0ms)
				RefreshPlugins (96ms)
				BeforeProcessingInitializeOnLoad (1ms)
				ProcessInitializeOnLoadAttributes (77ms)
				ProcessInitializeOnLoadMethodAttributes (46ms)
				AfterProcessingInitializeOnLoad (0ms)
				EditorAssembliesLoaded (0ms)
			ExecutionOrderSort2 (0ms)
			AwakeInstancesAfterBackupRestoration (0ms)
Platform modules already initialized, skipping
Registering precompiled user dll's ...
Registered in 0.008912 seconds.
Begin MonoManager ReloadAssembly
Symbol file LoadedFromMemory doesn't match image C:\Users\park\RiderProjects\2023TutorialProject\Library\PackageCache\com.unity.visualscripting@1.7.8\Editor\VisualScripting.Core\Dependencies\YamlDotNet\Unity.VisualScripting.YamlDotNet.dll
Symbol file LoadedFromMemory doesn't match image C:\Users\park\RiderProjects\2023TutorialProject\Library\PackageCache\com.unity.visualscripting@1.7.8\Editor\VisualScripting.Core\Dependencies\DotNetZip\Unity.VisualScripting.IonicZip.dll
Native extension for WindowsStandalone target not found
Native extension for Android target not found
Refreshing native plugins compatible for Editor in 88.08 ms, found 3 plugins.
Preloading 0 native plugins for Editor in 0.00 ms.
Mono: successfully reloaded assembly
- Completed reload, in  1.427 seconds
Domain Reload Profiling:
	ReloadAssembly (1428ms)
		BeginReloadAssembly (209ms)
			ExecutionOrderSort (0ms)
			DisableScriptedObjects (5ms)
			BackupInstance (0ms)
			ReleaseScriptingObjects (0ms)
			CreateAndSetChildDomain (126ms)
		EndReloadAssembly (1078ms)
			LoadAssemblies (111ms)
			RebuildTransferFunctionScriptingTraits (0ms)
			SetupTypeCache (269ms)
			ReleaseScriptCaches (1ms)
			RebuildScriptCaches (60ms)
			SetupLoadedEditorAssemblies (600ms)
				LogAssemblyErrors (0ms)
				InitializePlatformSupportModulesInManaged (12ms)
				SetLoadedEditorAssemblies (0ms)
				RefreshPlugins (88ms)
				BeforeProcessingInitializeOnLoad (99ms)
				ProcessInitializeOnLoadAttributes (228ms)
				ProcessInitializeOnLoadMethodAttributes (165ms)
				AfterProcessingInitializeOnLoad (8ms)
				EditorAssembliesLoaded (0ms)
			ExecutionOrderSort2 (0ms)
			AwakeInstancesAfterBackupRestoration (11ms)
Platform modules already initialized, skipping
========================================================================
Worker process is ready to serve import requests
Launched and connected shader compiler UnityShaderCompiler.exe after 0.04 seconds
Refreshing native plugins compatible for Editor in 0.92 ms, found 3 plugins.
Preloading 0 native plugins for Editor in 0.00 ms.
Unloading 6227 Unused Serialized files (Serialized files now loaded: 0)
Unloading 54 unused Assets / (3.8 MB). Loaded Objects now: 6679.
Memory consumption went from 291.4 MB to 287.6 MB.
Total: 3.963300 ms (FindLiveObjects: 0.487900 ms CreateObjectMapping: 0.308900 ms MarkObjects: 2.537200 ms  DeleteObjects: 0.628700 ms)

AssetImportParameters requested are different than current active one (requested -> active):
  custom:video-decoder-ogg-theora: a1e56fd34408186e4bbccfd4996cb3dc -> 
  custom:container-muxer-webm: aa71ff27fc2769a1b78a27578f13a17b -> 
  custom:container-demuxer-webm: 4f35f7cbe854078d1ac9338744f61a02 -> 
  custom:video-encoder-webm-vp8: eb34c28f22e8b96e1ab97ce403110664 -> 
  custom:audio-encoder-webm-vorbis: bf7c407c2cedff20999df2af8eb42d56 -> 
  custom:framework-win-MediaFoundation: 216162199b28c13a410421893ffa2e32 -> 
  custom:container-demuxer-ogg: 62fdf1f143b41e24485cea50d1cbac27 -> 
  custom:video-decoder-webm-vp8: 9c59270c3fd7afecdb556c50c9e8de78 -> 
  custom:audio-decoder-ogg-vorbis: bf7c407c2cedff20999df2af8eb42d56 -> 
========================================================================
Received Import Request.
  Time since last request: 788339.747487 seconds.
  path: Assets/x-black.pcache
  artifactKey: Guid(d03f0554c81462849a024b91a0fdbd5e) Importer(815301076,1909f56bfc062723c751e8b465ee728b)
Start importing Assets/x-black.pcache using Guid(d03f0554c81462849a024b91a0fdbd5e) Importer(815301076,1909f56bfc062723c751e8b465ee728b)  -> (artifact id: 'c0ef59b298d3c87213db46eccfed3fa9') in 0.092329 seconds 
========================================================================
Received Import Request.
  Time since last request: 23.254768 seconds.
  path: Assets/x-black.pcache
  artifactKey: Guid(d03f0554c81462849a024b91a0fdbd5e) Importer(815301076,1909f56bfc062723c751e8b465ee728b)
Start importing Assets/x-black.pcache using Guid(d03f0554c81462849a024b91a0fdbd5e) Importer(815301076,1909f56bfc062723c751e8b465ee728b)  -> (artifact id: 'cd0ee27c5a3d65dad14405c15b18fdd0') in 0.010918 seconds 
========================================================================
Received Import Request.
  Time since last request: 9.192754 seconds.
  path: Assets/x-black.pcache
  artifactKey: Guid(d03f0554c81462849a024b91a0fdbd5e) Importer(815301076,1909f56bfc062723c751e8b465ee728b)
Start importing Assets/x-black.pcache using Guid(d03f0554c81462849a024b91a0fdbd5e) Importer(815301076,1909f56bfc062723c751e8b465ee728b)  -> (artifact id: 'c56997893feed503db4138c5c54113bb') in 0.005956 seconds 
========================================================================
Received Import Request.
  Time since last request: 43.200162 seconds.
  path: Assets/x-black.pcache
  artifactKey: Guid(d03f0554c81462849a024b91a0fdbd5e) Importer(815301076,1909f56bfc062723c751e8b465ee728b)
Start importing Assets/x-black.pcache using Guid(d03f0554c81462849a024b91a0fdbd5e) Importer(815301076,1909f56bfc062723c751e8b465ee728b)  -> (artifact id: 'd58ab0550d8e087f0a15ed34c625304e') in 0.009444 seconds 
========================================================================
Received Import Request.
  Time since last request: 30.525672 seconds.
  path: Assets/x-black.pcache
  artifactKey: Guid(d03f0554c81462849a024b91a0fdbd5e) Importer(815301076,1909f56bfc062723c751e8b465ee728b)
Start importing Assets/x-black.pcache using Guid(d03f0554c81462849a024b91a0fdbd5e) Importer(815301076,1909f56bfc062723c751e8b465ee728b)  -> (artifact id: '843ca005b4a49a6a2a99b36fe1dd31c7') in 0.008197 seconds 
========================================================================
Received Import Request.
  Time since last request: 4956.735803 seconds.
  path: Assets/Firework.vfx
  artifactKey: Guid(80d2b4f4576023d418730a966ef7497e) Importer(815301076,1909f56bfc062723c751e8b465ee728b)
Start importing Assets/Firework.vfx using Guid(80d2b4f4576023d418730a966ef7497e) Importer(815301076,1909f56bfc062723c751e8b465ee728b)  -> (artifact id: '331eaf3eb4d1f2afe926c68a6b903140') in 2.054258 seconds 
========================================================================
Received Import Request.
  Time since last request: 6.254630 seconds.
  path: Assets/Firework.vfx
  artifactKey: Guid(80d2b4f4576023d418730a966ef7497e) Importer(815301076,1909f56bfc062723c751e8b465ee728b)
Start importing Assets/Firework.vfx using Guid(80d2b4f4576023d418730a966ef7497e) Importer(815301076,1909f56bfc062723c751e8b465ee728b)  -> (artifact id: 'f8f5bc7f50ef416949c43c60f45bbcb9') in 0.046287 seconds 
========================================================================
Received Import Request.
  Time since last request: 77.042295 seconds.
  path: Assets/Firework.vfx
  artifactKey: Guid(80d2b4f4576023d418730a966ef7497e) Importer(815301076,1909f56bfc062723c751e8b465ee728b)
Start importing Assets/Firework.vfx using Guid(80d2b4f4576023d418730a966ef7497e) Importer(815301076,1909f56bfc062723c751e8b465ee728b)  -> (artifact id: 'c1a8704587f18a344cbfefd497521fbe') in 0.031727 seconds 
========================================================================
Received Import Request.
  Time since last request: 10.148341 seconds.
  path: Assets/Firework.vfx
  artifactKey: Guid(80d2b4f4576023d418730a966ef7497e) Importer(815301076,1909f56bfc062723c751e8b465ee728b)
Start importing Assets/Firework.vfx using Guid(80d2b4f4576023d418730a966ef7497e) Importer(815301076,1909f56bfc062723c751e8b465ee728b)  -> (artifact id: 'f1c00e04f3baae54ab9af86a809dcf32') in 0.033295 seconds 
========================================================================
Received Import Request.
  Time since last request: 4.886597 seconds.
  path: Assets/Firework.prefab
  artifactKey: Guid(c0965399d23f12e4b9d845664e1ecc1b) Importer(815301076,1909f56bfc062723c751e8b465ee728b)
Start importing Assets/Firework.prefab using Guid(c0965399d23f12e4b9d845664e1ecc1b) Importer(815301076,1909f56bfc062723c751e8b465ee728b)  -> (artifact id: '77150430661bcce6b0f89acd9c66ed9e') in 0.055752 seconds 
========================================================================
Received Import Request.
  Time since last request: 13.278672 seconds.
  path: Assets/Firework.prefab
  artifactKey: Guid(c0965399d23f12e4b9d845664e1ecc1b) Importer(815301076,1909f56bfc062723c751e8b465ee728b)
Start importing Assets/Firework.prefab using Guid(c0965399d23f12e4b9d845664e1ecc1b) Importer(815301076,1909f56bfc062723c751e8b465ee728b)  -> (artifact id: '4e5c303a918f2935f3216a71ad64cd45') in 0.023756 seconds 
========================================================================
Received Import Request.
  Time since last request: 1.878370 seconds.
  path: Assets/Firework.prefab
  artifactKey: Guid(c0965399d23f12e4b9d845664e1ecc1b) Importer(815301076,1909f56bfc062723c751e8b465ee728b)
Start importing Assets/Firework.prefab using Guid(c0965399d23f12e4b9d845664e1ecc1b) Importer(815301076,1909f56bfc062723c751e8b465ee728b)  -> (artifact id: '91f7fd41c6c0cd3865fd468b82ed8f9f') in 0.022579 seconds 
========================================================================
Received Import Request.
  Time since last request: 4.947867 seconds.
  path: Assets/Firework.vfx
  artifactKey: Guid(80d2b4f4576023d418730a966ef7497e) Importer(815301076,1909f56bfc062723c751e8b465ee728b)
Start importing Assets/Firework.vfx using Guid(80d2b4f4576023d418730a966ef7497e) Importer(815301076,1909f56bfc062723c751e8b465ee728b)  -> (artifact id: '0d1989bf8893fda167c6db94f0633d01') in 0.035470 seconds 
